Using pre-set license
Built from '2021.3/staging' branch; Version is '2021.3.44f1 (94d194ca434d) revision 9752980'; Using compiler version '192829333'; Build Type 'Release'
OS: 'Windows 11  (10.0.22000) 64bit Professional' Language: 'ru' Physical Memory: 16308 MB
BatchMode: 1, IsHumanControllingUs: 0, StartBugReporterOnCrash: 0, Is64bit: 1, IsPro: 1

COMMAND LINE ARGUMENTS:
C:\Program Files\Unity\Hub\Editor\2021.3.44f1\Editor\Unity.exe
-adb2
-batchMode
-noUpm
-name
AssetImportWorker7
-projectPath
C:/Users/user/Downloads/RH/Fusion MOD
-logFile
Logs/AssetImportWorker7.log
-srvPort
35397
Successfully changed project path to: C:/Users/user/Downloads/RH/Fusion MOD
C:/Users/user/Downloads/RH/Fusion MOD
[UnityMemory] Configuration Parameters - Can be set up in boot.config
    "memorysetup-bucket-allocator-granularity=16"
    "memorysetup-bucket-allocator-bucket-count=8"
    "memorysetup-bucket-allocator-block-size=33554432"
    "memorysetup-bucket-allocator-block-count=8"
    "memorysetup-main-allocator-block-size=16777216"
    "memorysetup-thread-allocator-block-size=16777216"
    "memorysetup-gfx-main-allocator-block-size=16777216"
    "memorysetup-gfx-thread-allocator-block-size=16777216"
    "memorysetup-cache-allocator-block-size=4194304"
    "memorysetup-typetree-allocator-block-size=2097152"
    "memorysetup-profiler-bucket-allocator-granularity=16"
    "memorysetup-profiler-bucket-allocator-bucket-count=8"
    "memorysetup-profiler-bucket-allocator-block-size=33554432"
    "memorysetup-profiler-bucket-allocator-block-count=8"
    "memorysetup-profiler-allocator-block-size=16777216"
    "memorysetup-profiler-editor-allocator-block-size=1048576"
    "memorysetup-temp-allocator-size-main=16777216"
    "memorysetup-job-temp-allocator-block-size=2097152"
    "memorysetup-job-temp-allocator-block-size-background=1048576"
    "memorysetup-job-temp-allocator-reduction-small-platforms=262144"
    "memorysetup-temp-allocator-size-background-worker=32768"
    "memorysetup-temp-allocator-size-job-worker=262144"
    "memorysetup-temp-allocator-size-preload-manager=33554432"
    "memorysetup-temp-allocator-size-nav-mesh-worker=65536"
    "memorysetup-temp-allocator-size-audio-worker=65536"
    "memorysetup-temp-allocator-size-cloud-worker=32768"
    "memorysetup-temp-allocator-size-gi-baking-worker=262144"
    "memorysetup-temp-allocator-size-gfx=262144"
Player connection [5228] Host "[IP] 192.168.1.34 [Port] 0 [Flags] 2 [Guid] 1361173471 [EditorId] 1361173471 [Version] 1048832 [Id] WindowsEditor(7,WIN-111659CT6NV) [Debug] 1 [PackageName] WindowsEditor [ProjectName] Editor" joined multi-casting on [225.0.0.222:54997]...

Player connection [5228] Host "[IP] 192.168.1.34 [Port] 0 [Flags] 2 [Guid] 1361173471 [EditorId] 1361173471 [Version] 1048832 [Id] WindowsEditor(7,WIN-111659CT6NV) [Debug] 1 [PackageName] WindowsEditor [ProjectName] Editor" joined alternative multi-casting on [225.0.0.222:34997]...

[Physics::Module] Initialized MultithreadedJobDispatcher with {0} workers.
Refreshing native plugins compatible for Editor in 93.67 ms, found 0 plugins.
Preloading 0 native plugins for Editor in 0.00 ms.
Initialize engine version: 2021.3.44f1 (94d194ca434d)
[Subsystems] Discovering subsystems at path C:/Program Files/Unity/Hub/Editor/2021.3.44f1/Editor/Data/Resources/UnitySubsystems
[Subsystems] Discovering subsystems at path C:/Users/user/Downloads/RH/Fusion MOD/Assets
GfxDevice: creating device client; threaded=0; jobified=0
Direct3D:
    Version:  Direct3D 11.0 [level 11.1]
    Renderer: Radeon (TM) RX 470 Graphics (ID=0x67df)
    Vendor:   ATI
    VRAM:     4074 MB
    Driver:   31.0.21912.14
Initialize mono
Mono path[0] = 'C:/Program Files/Unity/Hub/Editor/2021.3.44f1/Editor/Data/Managed'
Mono path[1] = 'C:/Program Files/Unity/Hub/Editor/2021.3.44f1/Editor/Data/MonoBleedingEdge/lib/mono/unityjit-win32'
Mono config path = 'C:/Program Files/Unity/Hub/Editor/2021.3.44f1/Editor/Data/MonoBleedingEdge/etc'
Using monoOptions --debugger-agent=transport=dt_socket,embedding=1,server=y,suspend=n,address=127.0.0.1:56144
Begin MonoManager ReloadAssembly
Registering precompiled unity dll's ...
Register platform support module: C:/Program Files/Unity/Hub/Editor/2021.3.44f1/Editor/Data/PlaybackEngines/AndroidPlayer/UnityEditor.Android.Extensions.dll
Register platform support module: C:/Program Files/Unity/Hub/Editor/2021.3.44f1/Editor/Data/PlaybackEngines/WindowsStandaloneSupport/UnityEditor.WindowsStandalone.Extensions.dll
Registered in 0.006378 seconds.
Native extension for WindowsStandalone target not found
Native extension for Android target not found
Android Extension - Scanning For ADB Devices 436 ms
Refreshing native plugins compatible for Editor in 68.34 ms, found 0 plugins.
Preloading 0 native plugins for Editor in 0.00 ms.
Mono: successfully reloaded assembly
- Completed reload, in  1.591 seconds
Domain Reload Profiling:
	ReloadAssembly (1592ms)
		BeginReloadAssembly (165ms)
			ExecutionOrderSort (0ms)
			DisableScriptedObjects (0ms)
			BackupInstance (0ms)
			ReleaseScriptingObjects (0ms)
			CreateAndSetChildDomain (1ms)
		EndReloadAssembly (1244ms)
			LoadAssemblies (164ms)
			RebuildTransferFunctionScriptingTraits (0ms)
			SetupTypeCache (194ms)
			ReleaseScriptCaches (0ms)
			RebuildScriptCaches (50ms)
			SetupLoadedEditorAssemblies (934ms)
				LogAssemblyErrors (0ms)
				InitializePlatformSupportModulesInManaged (560ms)
				SetLoadedEditorAssemblies (0ms)
				RefreshPlugins (68ms)
				BeforeProcessingInitializeOnLoad (2ms)
				ProcessInitializeOnLoadAttributes (223ms)
				ProcessInitializeOnLoadMethodAttributes (80ms)
				AfterProcessingInitializeOnLoad (0ms)
				EditorAssembliesLoaded (0ms)
			ExecutionOrderSort2 (0ms)
			AwakeInstancesAfterBackupRestoration (0ms)
Platform modules already initialized, skipping
Registering precompiled user dll's ...
Registered in 0.014684 seconds.
Begin MonoManager ReloadAssembly
Unloading broken assembly Assets/Plugins/Unity.2D.IK.Runtime.dll, this assembly can cause crashes in the runtime
Unloading broken assembly Assets/Plugins/Unity.RenderPipelines.Core.Runtime.dll, this assembly can cause crashes in the runtime
Unloading broken assembly Assets/Plugins/Unity.VisualScripting.Flow.dll, this assembly can cause crashes in the runtime
Unloading broken assembly Assets/Plugins/Unity.2D.Animation.Runtime.dll, this assembly can cause crashes in the runtime
Unloading broken assembly Assets/Plugins/Unity.VisualScripting.Core.dll, this assembly can cause crashes in the runtime
Unloading broken assembly Assets/Plugins/Unity.TextMeshPro.dll, this assembly can cause crashes in the runtime
Native extension for WindowsStandalone target not found
Native extension for Android target not found
Refreshing native plugins compatible for Editor in 1.88 ms, found 0 plugins.
Preloading 0 native plugins for Editor in 0.00 ms.
Mono: successfully reloaded assembly
- Completed reload, in  1.206 seconds
Domain Reload Profiling:
	ReloadAssembly (1208ms)
		BeginReloadAssembly (229ms)
			ExecutionOrderSort (0ms)
			DisableScriptedObjects (11ms)
			BackupInstance (0ms)
			ReleaseScriptingObjects (0ms)
			CreateAndSetChildDomain (36ms)
		EndReloadAssembly (823ms)
			LoadAssemblies (150ms)
			RebuildTransferFunctionScriptingTraits (0ms)
			SetupTypeCache (296ms)
			ReleaseScriptCaches (0ms)
			RebuildScriptCaches (66ms)
			SetupLoadedEditorAssemblies (287ms)
				LogAssemblyErrors (0ms)
				InitializePlatformSupportModulesInManaged (23ms)
				SetLoadedEditorAssemblies (1ms)
				RefreshPlugins (2ms)
				BeforeProcessingInitializeOnLoad (41ms)
				ProcessInitializeOnLoadAttributes (176ms)
				ProcessInitializeOnLoadMethodAttributes (38ms)
				AfterProcessingInitializeOnLoad (6ms)
				EditorAssembliesLoaded (0ms)
			ExecutionOrderSort2 (0ms)
			AwakeInstancesAfterBackupRestoration (13ms)
Platform modules already initialized, skipping
========================================================================
Worker process is ready to serve import requests
Launched and connected shader compiler UnityShaderCompiler.exe after 0.10 seconds
Refreshing native plugins compatible for Editor in 2.03 ms, found 0 plugins.
Preloading 0 native plugins for Editor in 0.00 ms.
Unloading 374 Unused Serialized files (Serialized files now loaded: 0)
Unloading 28 unused Assets / (22.7 KB). Loaded Objects now: 1043.
Memory consumption went from 49.4 MB to 49.3 MB.
Total: 3.666900 ms (FindLiveObjects: 0.100800 ms CreateObjectMapping: 0.029400 ms MarkObjects: 3.491400 ms  DeleteObjects: 0.043700 ms)

AssetImportParameters requested are different than current active one (requested -> active):
  custom:video-decoder-ogg-theora: a1e56fd34408186e4bbccfd4996cb3dc -> 
  custom:container-muxer-webm: aa71ff27fc2769a1b78a27578f13a17b -> 
  custom:container-demuxer-webm: 4f35f7cbe854078d1ac9338744f61a02 -> 
  custom:video-encoder-webm-vp8: eb34c28f22e8b96e1ab97ce403110664 -> 
  custom:CustomObjectIndexerAttribute: bc11b3a6c3213fcdd17b65e7da85e133 -> 
  custom:audio-encoder-webm-vorbis: bf7c407c2cedff20999df2af8eb42d56 -> 
  custom:framework-win-MediaFoundation: 216162199b28c13a410421893ffa2e32 -> 
  custom:SearchIndexIgnoredProperties: e643bd26f0fe6173181afceb89e7c659 -> 
  custom:container-demuxer-ogg: 62fdf1f143b41e24485cea50d1cbac27 -> 
  custom:video-decoder-webm-vp8: 9c59270c3fd7afecdb556c50c9e8de78 -> 
  custom:audio-decoder-ogg-vorbis: bf7c407c2cedff20999df2af8eb42d56 -> 
========================================================================
Received Import Request.
  Time since last request: 10664.260235 seconds.
  path: Assets/Material/fzcq Atlas Material.mat
  artifactKey: Guid(b119d251b95c63645ad6726b25bdc7ae) Importer(815301076,1909f56bfc062723c751e8b465ee728b)
Number of updated assets reloaded before import = 0
Start importing Assets/Material/fzcq Atlas Material.mat using Guid(b119d251b95c63645ad6726b25bdc7ae) Importer(815301076,1909f56bfc062723c751e8b465ee728b) NullReferenceException: Object reference not set to an instance of an object
  at UnityEngine.Rendering.Universal.UniversalRenderPipelineAsset.CreatePipeline () [0x00039] in <c71b5fc1156445c48e427f056be27e13>:0 
  at UnityEngine.Rendering.RenderPipelineAsset.InternalCreatePipeline () [0x00004] in <fa7a3c481a1145ec94aaee2ff55b440a>:0 
UnityEngine.DebugLogHandler:Internal_LogException(Exception, Object)
UnityEngine.DebugLogHandler:LogException(Exception, Object)
UnityEngine.Logger:LogException(Exception, Object)
UnityEngine.Debug:LogException(Exception)
UnityEngine.Rendering.RenderPipelineAsset:InternalCreatePipeline()
UnityEngine.Rendering.RenderPipelineManager:PrepareRenderPipeline(RenderPipelineAsset)
UnityEngine.Rendering.RenderPipelineManager:DoRenderLoop_Internal(RenderPipelineAsset, IntPtr, List`1, AtomicSafetyHandle)
UnityEngine.Camera:Render(Camera)
UnityEditor.PreviewRenderUtility:Render(Boolean, Boolean)
UnityEditor.MaterialEditor:DoRenderPreview(PreviewRenderUtility, Boolean)
UnityEditor.MaterialEditor:RenderStaticPreview(String, Object[], Int32, Int32)
UnityEditor.AssetPreviewUpdater:CreatePreview(Object, Object[], String, Int32, Int32)
UnityEditor.AssetPreviewUpdater:CreatePreviewForAsset(Object, Object[], String)

 -> (artifact id: 'daa027680fe77f0b8fd49ac2f5c2abe8') in 0.317111 seconds 
Number of asset objects unloaded after import = 2
========================================================================
Received Import Request.
  Time since last request: 0.000056 seconds.
  path: Assets/Material/fzcq Atlas Material_1.mat
  artifactKey: Guid(d244ce15b26e81d4aa52004246dff2aa) Importer(815301076,1909f56bfc062723c751e8b465ee728b)
Number of updated assets reloaded before import = 0
Start importing Assets/Material/fzcq Atlas Material_1.mat using Guid(d244ce15b26e81d4aa52004246dff2aa) Importer(815301076,1909f56bfc062723c751e8b465ee728b) NullReferenceException: Object reference not set to an instance of an object
  at UnityEngine.Rendering.Universal.UniversalRenderPipelineAsset.CreatePipeline () [0x00039] in <c71b5fc1156445c48e427f056be27e13>:0 
  at UnityEngine.Rendering.RenderPipelineAsset.InternalCreatePipeline () [0x00004] in <fa7a3c481a1145ec94aaee2ff55b440a>:0 
UnityEngine.DebugLogHandler:Internal_LogException(Exception, Object)
UnityEngine.DebugLogHandler:LogException(Exception, Object)
UnityEngine.Logger:LogException(Exception, Object)
UnityEngine.Debug:LogException(Exception)
UnityEngine.Rendering.RenderPipelineAsset:InternalCreatePipeline()
UnityEngine.Rendering.RenderPipelineManager:PrepareRenderPipeline(RenderPipelineAsset)
UnityEngine.Rendering.RenderPipelineManager:DoRenderLoop_Internal(RenderPipelineAsset, IntPtr, List`1, AtomicSafetyHandle)
UnityEngine.Camera:Render(Camera)
UnityEditor.PreviewRenderUtility:Render(Boolean, Boolean)
UnityEditor.MaterialEditor:DoRenderPreview(PreviewRenderUtility, Boolean)
UnityEditor.MaterialEditor:RenderStaticPreview(String, Object[], Int32, Int32)
UnityEditor.AssetPreviewUpdater:CreatePreview(Object, Object[], String, Int32, Int32)
UnityEditor.AssetPreviewUpdater:CreatePreviewForAsset(Object, Object[], String)

 -> (artifact id: '23f1db230cdaeb09c6747c9abdb7d4f8') in 0.080609 seconds 
Number of asset objects unloaded after import = 2
========================================================================
Received Import Request.
  Time since last request: 25.441002 seconds.
  path: Assets/MonoBehaviour/fzjz Dynamic.asset
  artifactKey: Guid(9922e5241e28fcb4982b5f615a9c3046) Importer(815301076,1909f56bfc062723c751e8b465ee728b)
Number of updated assets reloaded before import = 0
Start importing Assets/MonoBehaviour/fzjz Dynamic.asset using Guid(9922e5241e28fcb4982b5f615a9c3046) Importer(815301076,1909f56bfc062723c751e8b465ee728b)  -> (artifact id: '1e18d5d7da63442d970552f2b0c1ebc3') in 0.040969 seconds 
Number of asset objects unloaded after import = 5
========================================================================
Received Import Request.
  Time since last request: 0.000031 seconds.
  path: Assets/MonoBehaviour/汉仪夏日体W SDF.asset
  artifactKey: Guid(3bce8241b9dc79141a8579b3863d12c8) Importer(815301076,1909f56bfc062723c751e8b465ee728b)
Number of updated assets reloaded before import = 0
Start importing Assets/MonoBehaviour/汉仪夏日体W SDF.asset using Guid(3bce8241b9dc79141a8579b3863d12c8) Importer(815301076,1909f56bfc062723c751e8b465ee728b)  -> (artifact id: 'c2362887865e7415274c693e2bba87b4') in 0.159314 seconds 
Number of asset objects unloaded after import = 5
========================================================================
Received Import Request.
  Time since last request: 27.591354 seconds.
  path: Assets/PrefabInstance/DebugUIEnumField.prefab
  artifactKey: Guid(4059c9c8cae66bd4f802e80ca34ccefa) Importer(815301076,1909f56bfc062723c751e8b465ee728b)
Number of updated assets reloaded before import = 0
Start importing Assets/PrefabInstance/DebugUIEnumField.prefab using Guid(4059c9c8cae66bd4f802e80ca34ccefa) Importer(815301076,1909f56bfc062723c751e8b465ee728b) GameObject (named 'DebugUIEnumField') references runtime script in scene file. Fixing!
 -> (artifact id: '9ee7c904e970ecb91e1e65de7bd9ae50') in 0.024460 seconds 
Number of asset objects unloaded after import = 25
========================================================================
Received Import Request.
  Time since last request: 0.000037 seconds.
  path: Assets/PrefabInstance/DebugUIVector3.prefab
  artifactKey: Guid(08271fd4dc71e0646a4f188b30cf2687) Importer(815301076,1909f56bfc062723c751e8b465ee728b)
Number of updated assets reloaded before import = 0
Start importing Assets/PrefabInstance/DebugUIVector3.prefab using Guid(08271fd4dc71e0646a4f188b30cf2687) Importer(815301076,1909f56bfc062723c751e8b465ee728b) GameObject (named 'DebugUIVector3') references runtime script in scene file. Fixing!
GameObject (named 'Y') references runtime script in scene file. Fixing!
GameObject (named 'Z') references runtime script in scene file. Fixing!
GameObject (named 'X') references runtime script in scene file. Fixing!
 -> (artifact id: 'f6dfa5d294d79ad955261e4d1f94cfef') in 0.015693 seconds 
Number of asset objects unloaded after import = 62
========================================================================
Received Import Request.
  Time since last request: 0.000040 seconds.
  path: Assets/PrefabInstance/DebugUIToggleHistory.prefab
  artifactKey: Guid(5198b506e350947438d606ddaa2c1aef) Importer(815301076,1909f56bfc062723c751e8b465ee728b)
Number of updated assets reloaded before import = 0
Start importing Assets/PrefabInstance/DebugUIToggleHistory.prefab using Guid(5198b506e350947438d606ddaa2c1aef) Importer(815301076,1909f56bfc062723c751e8b465ee728b) GameObject (named 'DebugUIToggleHistory') references runtime script in scene file. Fixing!
 -> (artifact id: 'a5f35cb58bb6eee74b080977519cb380') in 0.012868 seconds 
Number of asset objects unloaded after import = 20
========================================================================
Received Import Request.
  Time since last request: 0.000025 seconds.
  path: Assets/PrefabInstance/DebugUIVector2.prefab
  artifactKey: Guid(e96e9d0af879f8a4f8a44eb4a7bb3222) Importer(815301076,1909f56bfc062723c751e8b465ee728b)
Number of updated assets reloaded before import = 0
Start importing Assets/PrefabInstance/DebugUIVector2.prefab using Guid(e96e9d0af879f8a4f8a44eb4a7bb3222) Importer(815301076,1909f56bfc062723c751e8b465ee728b) GameObject (named 'DebugUIVector2') references runtime script in scene file. Fixing!
GameObject (named 'X') references runtime script in scene file. Fixing!
GameObject (named 'Y') references runtime script in scene file. Fixing!
 -> (artifact id: 'e03c72a72858a3b3e8845fd91cd0e60e') in 0.013870 seconds 
Number of asset objects unloaded after import = 51
========================================================================
Received Import Request.
  Time since last request: 0.000026 seconds.
  path: Assets/PrefabInstance/DebugUIValueTuple.prefab
  artifactKey: Guid(bd97e0c63ddaa8a408a7448a4bf76a39) Importer(815301076,1909f56bfc062723c751e8b465ee728b)
Number of updated assets reloaded before import = 0
Start importing Assets/PrefabInstance/DebugUIValueTuple.prefab using Guid(bd97e0c63ddaa8a408a7448a4bf76a39) Importer(815301076,1909f56bfc062723c751e8b465ee728b) GameObject (named 'DebugUIValueTuple') references runtime script in scene file. Fixing!
 -> (artifact id: '65d351081ab389fe8cbb34f2ee4c7079') in 0.014258 seconds 
Number of asset objects unloaded after import = 13
========================================================================
Received Import Request.
  Time since last request: 0.000033 seconds.
  path: Assets/PrefabInstance/DebugUIMessageBox.prefab
  artifactKey: Guid(5ff3adcfc67c8da46912f4db4b2a4f74) Importer(815301076,1909f56bfc062723c751e8b465ee728b)
Number of updated assets reloaded before import = 0
Start importing Assets/PrefabInstance/DebugUIMessageBox.prefab using Guid(5ff3adcfc67c8da46912f4db4b2a4f74) Importer(815301076,1909f56bfc062723c751e8b465ee728b) GameObject (named 'DebugUIMessageBox') references runtime script in scene file. Fixing!
 -> (artifact id: 'f833efd132d8b5293a443f20943360b9') in 0.014839 seconds 
Number of asset objects unloaded after import = 13
========================================================================
Received Import Request.
  Time since last request: 0.000028 seconds.
  path: Assets/PrefabInstance/DebugUIValuePersistent.prefab
  artifactKey: Guid(d81fe472f0dcddd4da4990f22e81d9a1) Importer(815301076,1909f56bfc062723c751e8b465ee728b)
Number of updated assets reloaded before import = 0
Start importing Assets/PrefabInstance/DebugUIValuePersistent.prefab using Guid(d81fe472f0dcddd4da4990f22e81d9a1) Importer(815301076,1909f56bfc062723c751e8b465ee728b) GameObject (named 'DebugUIValuePersistent') references runtime script in scene file. Fixing!
 -> (artifact id: '6178188f87d03e81472428eeab341c50') in 0.014120 seconds 
Number of asset objects unloaded after import = 13
Editor requested this worker to shutdown with reason: Scaling down because of idle timeout
AssetImportWorker is now disconnected from the server
Process exiting
Exiting without the bug reporter. Application will terminate with return code 0