Using pre-set license
Built from '2021.3/staging' branch; Version is '2021.3.44f1 (94d194ca434d) revision 9752980'; Using compiler version '192829333'; Build Type 'Release'
OS: 'Windows 11  (10.0.22000) 64bit Professional' Language: 'ru' Physical Memory: 16308 MB
BatchMode: 1, IsHumanControllingUs: 0, StartBugReporterOnCrash: 0, Is64bit: 1, IsPro: 1

COMMAND LINE ARGUMENTS:
C:\Program Files\Unity\Hub\Editor\2021.3.44f1\Editor\Unity.exe
-adb2
-batchMode
-noUpm
-name
AssetImportWorker1
-projectPath
C:/Users/user/Downloads/RH/Fusion MOD
-logFile
Logs/AssetImportWorker1.log
-srvPort
35397
Successfully changed project path to: C:/Users/user/Downloads/RH/Fusion MOD
C:/Users/user/Downloads/RH/Fusion MOD
[UnityMemory] Configuration Parameters - Can be set up in boot.config
    "memorysetup-bucket-allocator-granularity=16"
    "memorysetup-bucket-allocator-bucket-count=8"
    "memorysetup-bucket-allocator-block-size=33554432"
    "memorysetup-bucket-allocator-block-count=8"
    "memorysetup-main-allocator-block-size=16777216"
    "memorysetup-thread-allocator-block-size=16777216"
    "memorysetup-gfx-main-allocator-block-size=16777216"
    "memorysetup-gfx-thread-allocator-block-size=16777216"
    "memorysetup-cache-allocator-block-size=4194304"
    "memorysetup-typetree-allocator-block-size=2097152"
    "memorysetup-profiler-bucket-allocator-granularity=16"
    "memorysetup-profiler-bucket-allocator-bucket-count=8"
    "memorysetup-profiler-bucket-allocator-block-size=33554432"
    "memorysetup-profiler-bucket-allocator-block-count=8"
    "memorysetup-profiler-allocator-block-size=16777216"
    "memorysetup-profiler-editor-allocator-block-size=1048576"
    "memorysetup-temp-allocator-size-main=16777216"
    "memorysetup-job-temp-allocator-block-size=2097152"
    "memorysetup-job-temp-allocator-block-size-background=1048576"
    "memorysetup-job-temp-allocator-reduction-small-platforms=262144"
    "memorysetup-temp-allocator-size-background-worker=32768"
    "memorysetup-temp-allocator-size-job-worker=262144"
    "memorysetup-temp-allocator-size-preload-manager=33554432"
    "memorysetup-temp-allocator-size-nav-mesh-worker=65536"
    "memorysetup-temp-allocator-size-audio-worker=65536"
    "memorysetup-temp-allocator-size-cloud-worker=32768"
    "memorysetup-temp-allocator-size-gi-baking-worker=262144"
    "memorysetup-temp-allocator-size-gfx=262144"
Player connection [1452] Host "[IP] 192.168.1.34 [Port] 0 [Flags] 2 [Guid] 3392266047 [EditorId] 3392266047 [Version] 1048832 [Id] WindowsEditor(7,WIN-111659CT6NV) [Debug] 1 [PackageName] WindowsEditor [ProjectName] Editor" joined multi-casting on [225.0.0.222:54997]...

Player connection [1452] Host "[IP] 192.168.1.34 [Port] 0 [Flags] 2 [Guid] 3392266047 [EditorId] 3392266047 [Version] 1048832 [Id] WindowsEditor(7,WIN-111659CT6NV) [Debug] 1 [PackageName] WindowsEditor [ProjectName] Editor" joined alternative multi-casting on [225.0.0.222:34997]...

[Physics::Module] Initialized MultithreadedJobDispatcher with {0} workers.
Refreshing native plugins compatible for Editor in 93.47 ms, found 0 plugins.
Preloading 0 native plugins for Editor in 0.00 ms.
Initialize engine version: 2021.3.44f1 (94d194ca434d)
[Subsystems] Discovering subsystems at path C:/Program Files/Unity/Hub/Editor/2021.3.44f1/Editor/Data/Resources/UnitySubsystems
[Subsystems] Discovering subsystems at path C:/Users/user/Downloads/RH/Fusion MOD/Assets
GfxDevice: creating device client; threaded=0; jobified=0
Direct3D:
    Version:  Direct3D 11.0 [level 11.1]
    Renderer: Radeon (TM) RX 470 Graphics (ID=0x67df)
    Vendor:   ATI
    VRAM:     4074 MB
    Driver:   31.0.21912.14
Initialize mono
Mono path[0] = 'C:/Program Files/Unity/Hub/Editor/2021.3.44f1/Editor/Data/Managed'
Mono path[1] = 'C:/Program Files/Unity/Hub/Editor/2021.3.44f1/Editor/Data/MonoBleedingEdge/lib/mono/unityjit-win32'
Mono config path = 'C:/Program Files/Unity/Hub/Editor/2021.3.44f1/Editor/Data/MonoBleedingEdge/etc'
Using monoOptions --debugger-agent=transport=dt_socket,embedding=1,server=y,suspend=n,address=127.0.0.1:56348
Begin MonoManager ReloadAssembly
Registering precompiled unity dll's ...
Register platform support module: C:/Program Files/Unity/Hub/Editor/2021.3.44f1/Editor/Data/PlaybackEngines/AndroidPlayer/UnityEditor.Android.Extensions.dll
Register platform support module: C:/Program Files/Unity/Hub/Editor/2021.3.44f1/Editor/Data/PlaybackEngines/WindowsStandaloneSupport/UnityEditor.WindowsStandalone.Extensions.dll
Registered in 0.007050 seconds.
Native extension for WindowsStandalone target not found
Native extension for Android target not found
Android Extension - Scanning For ADB Devices 398 ms
Refreshing native plugins compatible for Editor in 78.72 ms, found 0 plugins.
Preloading 0 native plugins for Editor in 0.00 ms.
Mono: successfully reloaded assembly
- Completed reload, in  1.623 seconds
Domain Reload Profiling:
	ReloadAssembly (1623ms)
		BeginReloadAssembly (182ms)
			ExecutionOrderSort (0ms)
			DisableScriptedObjects (0ms)
			BackupInstance (0ms)
			ReleaseScriptingObjects (0ms)
			CreateAndSetChildDomain (1ms)
		EndReloadAssembly (1238ms)
			LoadAssemblies (181ms)
			RebuildTransferFunctionScriptingTraits (0ms)
			SetupTypeCache (236ms)
			ReleaseScriptCaches (0ms)
			RebuildScriptCaches (56ms)
			SetupLoadedEditorAssemblies (874ms)
				LogAssemblyErrors (0ms)
				InitializePlatformSupportModulesInManaged (539ms)
				SetLoadedEditorAssemblies (0ms)
				RefreshPlugins (79ms)
				BeforeProcessingInitializeOnLoad (2ms)
				ProcessInitializeOnLoadAttributes (179ms)
				ProcessInitializeOnLoadMethodAttributes (73ms)
				AfterProcessingInitializeOnLoad (0ms)
				EditorAssembliesLoaded (0ms)
			ExecutionOrderSort2 (0ms)
			AwakeInstancesAfterBackupRestoration (0ms)
Platform modules already initialized, skipping
Registering precompiled user dll's ...
Registered in 0.013560 seconds.
Begin MonoManager ReloadAssembly
Unloading broken assembly Assets/Plugins/Unity.2D.IK.Runtime.dll, this assembly can cause crashes in the runtime
Unloading broken assembly Assets/Plugins/Unity.RenderPipelines.Core.Runtime.dll, this assembly can cause crashes in the runtime
Unloading broken assembly Assets/Plugins/Unity.VisualScripting.Flow.dll, this assembly can cause crashes in the runtime
Unloading broken assembly Assets/Plugins/Unity.2D.Animation.Runtime.dll, this assembly can cause crashes in the runtime
Unloading broken assembly Assets/Plugins/Unity.VisualScripting.Core.dll, this assembly can cause crashes in the runtime
Unloading broken assembly Assets/Plugins/Unity.TextMeshPro.dll, this assembly can cause crashes in the runtime
Native extension for WindowsStandalone target not found
Native extension for Android target not found
Refreshing native plugins compatible for Editor in 1.04 ms, found 0 plugins.
Preloading 0 native plugins for Editor in 0.00 ms.
Mono: successfully reloaded assembly
- Completed reload, in  1.083 seconds
Domain Reload Profiling:
	ReloadAssembly (1084ms)
		BeginReloadAssembly (212ms)
			ExecutionOrderSort (0ms)
			DisableScriptedObjects (11ms)
			BackupInstance (0ms)
			ReleaseScriptingObjects (0ms)
			CreateAndSetChildDomain (26ms)
		EndReloadAssembly (721ms)
			LoadAssemblies (143ms)
			RebuildTransferFunctionScriptingTraits (0ms)
			SetupTypeCache (241ms)
			ReleaseScriptCaches (0ms)
			RebuildScriptCaches (63ms)
			SetupLoadedEditorAssemblies (254ms)
				LogAssemblyErrors (0ms)
				InitializePlatformSupportModulesInManaged (21ms)
				SetLoadedEditorAssemblies (1ms)
				RefreshPlugins (1ms)
				BeforeProcessingInitializeOnLoad (27ms)
				ProcessInitializeOnLoadAttributes (165ms)
				ProcessInitializeOnLoadMethodAttributes (33ms)
				AfterProcessingInitializeOnLoad (5ms)
				EditorAssembliesLoaded (0ms)
			ExecutionOrderSort2 (0ms)
			AwakeInstancesAfterBackupRestoration (10ms)
Platform modules already initialized, skipping
========================================================================
Worker process is ready to serve import requests
Launched and connected shader compiler UnityShaderCompiler.exe after 0.06 seconds
Refreshing native plugins compatible for Editor in 1.04 ms, found 0 plugins.
Preloading 0 native plugins for Editor in 0.00 ms.
Unloading 374 Unused Serialized files (Serialized files now loaded: 0)
Unloading 28 unused Assets / (22.7 KB). Loaded Objects now: 1043.
Memory consumption went from 49.3 MB to 49.3 MB.
Total: 3.441400 ms (FindLiveObjects: 0.095400 ms CreateObjectMapping: 0.026100 ms MarkObjects: 3.277600 ms  DeleteObjects: 0.040900 ms)

AssetImportParameters requested are different than current active one (requested -> active):
  custom:video-decoder-ogg-theora: a1e56fd34408186e4bbccfd4996cb3dc -> 
  custom:container-muxer-webm: aa71ff27fc2769a1b78a27578f13a17b -> 
  custom:container-demuxer-webm: 4f35f7cbe854078d1ac9338744f61a02 -> 
  custom:video-encoder-webm-vp8: eb34c28f22e8b96e1ab97ce403110664 -> 
  custom:CustomObjectIndexerAttribute: bc11b3a6c3213fcdd17b65e7da85e133 -> 
  custom:audio-encoder-webm-vorbis: bf7c407c2cedff20999df2af8eb42d56 -> 
  custom:framework-win-MediaFoundation: 216162199b28c13a410421893ffa2e32 -> 
  custom:SearchIndexIgnoredProperties: e643bd26f0fe6173181afceb89e7c659 -> 
  custom:container-demuxer-ogg: 62fdf1f143b41e24485cea50d1cbac27 -> 
  custom:video-decoder-webm-vp8: 9c59270c3fd7afecdb556c50c9e8de78 -> 
  custom:audio-decoder-ogg-vorbis: bf7c407c2cedff20999df2af8eb42d56 -> 
========================================================================
Received Import Request.
  Time since last request: 9655.895111 seconds.
  path: Assets/Resources/DebugUIPersistentCanvas.prefab
  artifactKey: Guid(a7e8170279c62ca4e98b699635cd6f82) Importer(815301076,1909f56bfc062723c751e8b465ee728b)
Number of updated assets reloaded before import = 0
Start importing Assets/Resources/DebugUIPersistentCanvas.prefab using Guid(a7e8170279c62ca4e98b699635cd6f82) Importer(815301076,1909f56bfc062723c751e8b465ee728b) TypeLoadException: Invalid type UnityEngine.Rendering.UI.DebugUIHandlerValue[] for instance field System.Collections.Generic.List`1[UnityEngine.Rendering.UI.DebugUIHandlerValue]:_items


GameObject (named 'DebugUIValuePersistent') references runtime script in scene file. Fixing!
 -> (artifact id: 'f8203fd8ee82f4c9652a34e45aa3cd20') in 0.099346 seconds 
Number of asset objects unloaded after import = 26
========================================================================
Received Import Request.
  Time since last request: 0.000027 seconds.
  path: Assets/Resources/TMP Settings.asset
  artifactKey: Guid(a678afce21d5f364fb9d2350d21dd951) Importer(815301076,1909f56bfc062723c751e8b465ee728b)
Number of updated assets reloaded before import = 0
Start importing Assets/Resources/TMP Settings.asset using Guid(a678afce21d5f364fb9d2350d21dd951) Importer(815301076,1909f56bfc062723c751e8b465ee728b)  -> (artifact id: '9dee6b8ad17b51b9e5c86991d7266d42') in 0.046302 seconds 
Number of asset objects unloaded after import = 14
========================================================================
Received Import Request.
  Time since last request: 1.623900 seconds.
  path: Assets/Resources/background/1.asset
  artifactKey: Guid(8dc08d430af7f6f4d87c4f350bc86650) Importer(815301076,1909f56bfc062723c751e8b465ee728b)
Number of updated assets reloaded before import = 0
Start importing Assets/Resources/background/1.asset using Guid(8dc08d430af7f6f4d87c4f350bc86650) Importer(815301076,1909f56bfc062723c751e8b465ee728b)  -> (artifact id: '0a51cd2167e11bb291b300e80cff5fc0') in 0.181678 seconds 
Number of asset objects unloaded after import = 3
========================================================================
Received Import Request.
  Time since last request: 0.000075 seconds.
  path: Assets/Resources/background/2.asset
  artifactKey: Guid(4a1e62863d4e3aa4e85003953c1ad5b2) Importer(815301076,1909f56bfc062723c751e8b465ee728b)
Number of updated assets reloaded before import = 0
Start importing Assets/Resources/background/2.asset using Guid(4a1e62863d4e3aa4e85003953c1ad5b2) Importer(815301076,1909f56bfc062723c751e8b465ee728b)  -> (artifact id: 'f1c0607adec59b6f3838239afbd944fb') in 0.052315 seconds 
Number of asset objects unloaded after import = 3
========================================================================
Received Import Request.
  Time since last request: 0.000040 seconds.
  path: Assets/Resources/background/bag_0.asset
  artifactKey: Guid(0a0c6a04db6e59f43af7654549c3c13b) Importer(815301076,1909f56bfc062723c751e8b465ee728b)
Number of updated assets reloaded before import = 0
Start importing Assets/Resources/background/bag_0.asset using Guid(0a0c6a04db6e59f43af7654549c3c13b) Importer(815301076,1909f56bfc062723c751e8b465ee728b)  -> (artifact id: 'e095580a21851260d26dc8a8dd2dc6f0') in 0.023198 seconds 
Number of asset objects unloaded after import = 3
========================================================================
Received Import Request.
  Time since last request: 0.000026 seconds.
  path: Assets/Resources/background/newpool Skeleton.asset
  artifactKey: Guid(5ce4fc60e1263e54680398b76c609f3c) Importer(815301076,1909f56bfc062723c751e8b465ee728b)
Number of updated assets reloaded before import = 0
Start importing Assets/Resources/background/newpool Skeleton.asset using Guid(5ce4fc60e1263e54680398b76c609f3c) Importer(815301076,1909f56bfc062723c751e8b465ee728b)  -> (artifact id: '6125a152f6f5b584533408752c37b084') in 0.011207 seconds 
Number of asset objects unloaded after import = 1
========================================================================
Received Import Request.
  Time since last request: 0.000026 seconds.
  path: Assets/Resources/background/bag_1.asset
  artifactKey: Guid(e859d3e65d4f3294ba000b64fe7de803) Importer(815301076,1909f56bfc062723c751e8b465ee728b)
Number of updated assets reloaded before import = 0
Start importing Assets/Resources/background/bag_1.asset using Guid(e859d3e65d4f3294ba000b64fe7de803) Importer(815301076,1909f56bfc062723c751e8b465ee728b)  -> (artifact id: '2f5b19d31f56be4046f63ad7825751fa') in 0.021264 seconds 
Number of asset objects unloaded after import = 3
========================================================================
Received Import Request.
  Time since last request: 0.000031 seconds.
  path: Assets/Resources/background/bg3 Skeleton.asset
  artifactKey: Guid(fc60b10d2e96eb340a538e1fc92daadf) Importer(815301076,1909f56bfc062723c751e8b465ee728b)
Number of updated assets reloaded before import = 0
Start importing Assets/Resources/background/bg3 Skeleton.asset using Guid(fc60b10d2e96eb340a538e1fc92daadf) Importer(815301076,1909f56bfc062723c751e8b465ee728b)  -> (artifact id: '7c111182c6f12a25eac1bc284f43e410') in 0.011987 seconds 
Number of asset objects unloaded after import = 1
========================================================================
Received Import Request.
  Time since last request: 0.000028 seconds.
  path: Assets/Resources/background/newpool.prefab
  artifactKey: Guid(0c71ef463de90ea40aaa302e012e00a3) Importer(815301076,1909f56bfc062723c751e8b465ee728b)
Number of updated assets reloaded before import = 0
Start importing Assets/Resources/background/newpool.prefab using Guid(0c71ef463de90ea40aaa302e012e00a3) Importer(815301076,1909f56bfc062723c751e8b465ee728b) NullReferenceException: Object reference not set to an instance of an object
  at UnityEngine.Rendering.Universal.UniversalRenderPipelineAsset.CreatePipeline () [0x00039] in <c71b5fc1156445c48e427f056be27e13>:0 
  at UnityEngine.Rendering.RenderPipelineAsset.InternalCreatePipeline () [0x00004] in <fa7a3c481a1145ec94aaee2ff55b440a>:0 
UnityEngine.DebugLogHandler:Internal_LogException(Exception, Object)
UnityEngine.DebugLogHandler:LogException(Exception, Object)
UnityEngine.Logger:LogException(Exception, Object)
UnityEngine.Debug:LogException(Exception)
UnityEngine.Rendering.RenderPipelineAsset:InternalCreatePipeline()
UnityEngine.Rendering.RenderPipelineManager:PrepareRenderPipeline(RenderPipelineAsset)
UnityEngine.Rendering.RenderPipelineManager:DoRenderLoop_Internal(RenderPipelineAsset, IntPtr, List`1, AtomicSafetyHandle)
UnityEngine.Camera:Render(Camera)
UnityEditor.PreviewRenderUtility:Render(Boolean, Boolean)
UnityEditor.GameObjectInspector:DoRenderPreview()
UnityEditor.GameObjectInspector:RenderStaticPreview(String, Object[], Int32, Int32)
UnityEditor.AssetPreviewUpdater:CreatePreview(Object, Object[], String, Int32, Int32)
UnityEditor.AssetPreviewUpdater:CreatePreviewForAsset(Object, Object[], String)

 -> (artifact id: 'd25896b6035b1b4f0104232b74d256ce') in 0.101281 seconds 
Number of asset objects unloaded after import = 54
========================================================================
Received Import Request.
  Time since last request: 0.000028 seconds.
  path: Assets/Resources/background/background1.asset
  artifactKey: Guid(0c2b1a0114e1036498b7c61130b76ba0) Importer(815301076,1909f56bfc062723c751e8b465ee728b)
Number of updated assets reloaded before import = 0
Start importing Assets/Resources/background/background1.asset using Guid(0c2b1a0114e1036498b7c61130b76ba0) Importer(815301076,1909f56bfc062723c751e8b465ee728b)  -> (artifact id: '498450ffab23f0314829a46c2301e1c7') in 0.175628 seconds 
Number of asset objects unloaded after import = 3
========================================================================
Received Import Request.
  Time since last request: 0.000029 seconds.
  path: Assets/Resources/background/bg_0005_shadow2.asset
  artifactKey: Guid(28ad63c07cf479544a27a3ca60092bcb) Importer(815301076,1909f56bfc062723c751e8b465ee728b)
Number of updated assets reloaded before import = 0
Start importing Assets/Resources/background/bg_0005_shadow2.asset using Guid(28ad63c07cf479544a27a3ca60092bcb) Importer(815301076,1909f56bfc062723c751e8b465ee728b)  -> (artifact id: 'ca6521f7aa063a9df0bb4024deb386f9') in 0.037479 seconds 
Number of asset objects unloaded after import = 3
========================================================================
Received Import Request.
  Time since last request: 0.000048 seconds.
  path: Assets/Resources/background/bg_0.asset
  artifactKey: Guid(52537be48defba14cbb730e0c95212cf) Importer(815301076,1909f56bfc062723c751e8b465ee728b)
Number of updated assets reloaded before import = 0
Start importing Assets/Resources/background/bg_0.asset using Guid(52537be48defba14cbb730e0c95212cf) Importer(815301076,1909f56bfc062723c751e8b465ee728b)  -> (artifact id: 'ba8ca8fa48e9e22e8eecf5d21e389c5d') in 0.148191 seconds 
Number of asset objects unloaded after import = 3
========================================================================
Received Import Request.
  Time since last request: 0.000026 seconds.
  path: Assets/Resources/background/backgroundIZPool.prefab
  artifactKey: Guid(88893f3d9b6b89449b927f0f45803ae8) Importer(815301076,1909f56bfc062723c751e8b465ee728b)
Number of updated assets reloaded before import = 0
Start importing Assets/Resources/background/backgroundIZPool.prefab using Guid(88893f3d9b6b89449b927f0f45803ae8) Importer(815301076,1909f56bfc062723c751e8b465ee728b) NullReferenceException: Object reference not set to an instance of an object
  at UnityEngine.Rendering.Universal.UniversalRenderPipelineAsset.CreatePipeline () [0x00039] in <c71b5fc1156445c48e427f056be27e13>:0 
  at UnityEngine.Rendering.RenderPipelineAsset.InternalCreatePipeline () [0x00004] in <fa7a3c481a1145ec94aaee2ff55b440a>:0 
UnityEngine.DebugLogHandler:Internal_LogException(Exception, Object)
UnityEngine.DebugLogHandler:LogException(Exception, Object)
UnityEngine.Logger:LogException(Exception, Object)
UnityEngine.Debug:LogException(Exception)
UnityEngine.Rendering.RenderPipelineAsset:InternalCreatePipeline()
UnityEngine.Rendering.RenderPipelineManager:PrepareRenderPipeline(RenderPipelineAsset)
UnityEngine.Rendering.RenderPipelineManager:DoRenderLoop_Internal(RenderPipelineAsset, IntPtr, List`1, AtomicSafetyHandle)
UnityEngine.Camera:Render(Camera)
UnityEditor.PreviewRenderUtility:Render(Boolean, Boolean)
UnityEditor.GameObjectInspector:DoRenderPreview()
UnityEditor.GameObjectInspector:RenderStaticPreview(String, Object[], Int32, Int32)
UnityEditor.AssetPreviewUpdater:CreatePreview(Object, Object[], String, Int32, Int32)
UnityEditor.AssetPreviewUpdater:CreatePreviewForAsset(Object, Object[], String)

 -> (artifact id: '14619fa41d9e0347109f9c891949f36c') in 0.070664 seconds 
Number of asset objects unloaded after import = 310
========================================================================
Received Import Request.
  Time since last request: 0.000027 seconds.
  path: Assets/Resources/background/background2.prefab
  artifactKey: Guid(329ce7b6450ad4b4c8154a9efbe2acb9) Importer(815301076,1909f56bfc062723c751e8b465ee728b)
Number of updated assets reloaded before import = 0
Start importing Assets/Resources/background/background2.prefab using Guid(329ce7b6450ad4b4c8154a9efbe2acb9) Importer(815301076,1909f56bfc062723c751e8b465ee728b) NullReferenceException: Object reference not set to an instance of an object
  at UnityEngine.Rendering.Universal.UniversalRenderPipelineAsset.CreatePipeline () [0x00039] in <c71b5fc1156445c48e427f056be27e13>:0 
  at UnityEngine.Rendering.RenderPipelineAsset.InternalCreatePipeline () [0x00004] in <fa7a3c481a1145ec94aaee2ff55b440a>:0 
UnityEngine.DebugLogHandler:Internal_LogException(Exception, Object)
UnityEngine.DebugLogHandler:LogException(Exception, Object)
UnityEngine.Logger:LogException(Exception, Object)
UnityEngine.Debug:LogException(Exception)
UnityEngine.Rendering.RenderPipelineAsset:InternalCreatePipeline()
UnityEngine.Rendering.RenderPipelineManager:PrepareRenderPipeline(RenderPipelineAsset)
UnityEngine.Rendering.RenderPipelineManager:DoRenderLoop_Internal(RenderPipelineAsset, IntPtr, List`1, AtomicSafetyHandle)
UnityEngine.Camera:Render(Camera)
UnityEditor.PreviewRenderUtility:Render(Boolean, Boolean)
UnityEditor.GameObjectInspector:DoRenderPreview()
UnityEditor.GameObjectInspector:RenderStaticPreview(String, Object[], Int32, Int32)
UnityEditor.AssetPreviewUpdater:CreatePreview(Object, Object[], String, Int32, Int32)
UnityEditor.AssetPreviewUpdater:CreatePreviewForAsset(Object, Object[], String)

 -> (artifact id: '4e1d02829f1829acf69151a21702ae09') in 0.045684 seconds 
Number of asset objects unloaded after import = 294
========================================================================
Received Import Request.
  Time since last request: 0.000036 seconds.
  path: Assets/Resources/background/background1.png
  artifactKey: Guid(f8a5777d0e1122d479407ef9777e58d4) Importer(815301076,1909f56bfc062723c751e8b465ee728b)
Number of updated assets reloaded before import = 0
Start importing Assets/Resources/background/background1.png using Guid(f8a5777d0e1122d479407ef9777e58d4) Importer(815301076,1909f56bfc062723c751e8b465ee728b)  -> (artifact id: '0ca4e069d9641ea5a16fbb2680114d30') in 0.174095 seconds 
Number of asset objects unloaded after import = 3
========================================================================
Received Import Request.
  Time since last request: 0.000024 seconds.
  path: Assets/Resources/background/backgroundIZE.prefab
  artifactKey: Guid(031a9739da1ec204eb733a69f4133b2c) Importer(815301076,1909f56bfc062723c751e8b465ee728b)
Number of updated assets reloaded before import = 0
Start importing Assets/Resources/background/backgroundIZE.prefab using Guid(031a9739da1ec204eb733a69f4133b2c) Importer(815301076,1909f56bfc062723c751e8b465ee728b) NullReferenceException: Object reference not set to an instance of an object
  at UnityEngine.Rendering.Universal.UniversalRenderPipelineAsset.CreatePipeline () [0x00039] in <c71b5fc1156445c48e427f056be27e13>:0 
  at UnityEngine.Rendering.RenderPipelineAsset.InternalCreatePipeline () [0x00004] in <fa7a3c481a1145ec94aaee2ff55b440a>:0 
UnityEngine.DebugLogHandler:Internal_LogException(Exception, Object)
UnityEngine.DebugLogHandler:LogException(Exception, Object)
UnityEngine.Logger:LogException(Exception, Object)
UnityEngine.Debug:LogException(Exception)
UnityEngine.Rendering.RenderPipelineAsset:InternalCreatePipeline()
UnityEngine.Rendering.RenderPipelineManager:PrepareRenderPipeline(RenderPipelineAsset)
UnityEngine.Rendering.RenderPipelineManager:DoRenderLoop_Internal(RenderPipelineAsset, IntPtr, List`1, AtomicSafetyHandle)
UnityEngine.Camera:Render(Camera)
UnityEditor.PreviewRenderUtility:Render(Boolean, Boolean)
UnityEditor.GameObjectInspector:DoRenderPreview()
UnityEditor.GameObjectInspector:RenderStaticPreview(String, Object[], Int32, Int32)
UnityEditor.AssetPreviewUpdater:CreatePreview(Object, Object[], String, Int32, Int32)
UnityEditor.AssetPreviewUpdater:CreatePreviewForAsset(Object, Object[], String)

 -> (artifact id: '7ee563f67bf2c70c270e74ad7d1f4095') in 0.330722 seconds 
Number of asset objects unloaded after import = 323
========================================================================
Received Import Request.
  Time since last request: 0.000024 seconds.
  path: Assets/Resources/background/Night 1.png
  artifactKey: Guid(91774e03ab5319845944d9d74453f0fa) Importer(815301076,1909f56bfc062723c751e8b465ee728b)
Number of updated assets reloaded before import = 0
Start importing Assets/Resources/background/Night 1.png using Guid(91774e03ab5319845944d9d74453f0fa) Importer(815301076,1909f56bfc062723c751e8b465ee728b)  -> (artifact id: 'c76206927f46e6a682b0a918e24aab5a') in 0.021031 seconds 
Number of asset objects unloaded after import = 2
========================================================================
Received Import Request.
  Time since last request: 0.000042 seconds.
  path: Assets/Resources/background/6.asset
  artifactKey: Guid(bb373537b8fb1474986c8b880df1afa8) Importer(815301076,1909f56bfc062723c751e8b465ee728b)
Number of updated assets reloaded before import = 0
Start importing Assets/Resources/background/6.asset using Guid(bb373537b8fb1474986c8b880df1afa8) Importer(815301076,1909f56bfc062723c751e8b465ee728b)  -> (artifact id: '30af30c535cc7c2aadb484ebcb36d5e6') in 0.026812 seconds 
Number of asset objects unloaded after import = 3
========================================================================
Received Import Request.
  Time since last request: 0.000033 seconds.
  path: Assets/Resources/background/1_0.asset
  artifactKey: Guid(dd2563a3a2f977544b8c8d3a94363acd) Importer(815301076,1909f56bfc062723c751e8b465ee728b)
Number of updated assets reloaded before import = 0
Start importing Assets/Resources/background/1_0.asset using Guid(dd2563a3a2f977544b8c8d3a94363acd) Importer(815301076,1909f56bfc062723c751e8b465ee728b)  -> (artifact id: '178515686b22109e248c25d070e6280c') in 0.021996 seconds 
Number of asset objects unloaded after import = 3
========================================================================
Received Import Request.
  Time since last request: 0.000026 seconds.
  path: Assets/Resources/background/Night 1 Skeleton.asset
  artifactKey: Guid(53916593fec1ca84bbf264d1864ff001) Importer(815301076,1909f56bfc062723c751e8b465ee728b)
Number of updated assets reloaded before import = 0
Start importing Assets/Resources/background/Night 1 Skeleton.asset using Guid(53916593fec1ca84bbf264d1864ff001) Importer(815301076,1909f56bfc062723c751e8b465ee728b)  -> (artifact id: '911cec7c5d17e75ad71225115604a97e') in 0.010599 seconds 
Number of asset objects unloaded after import = 1
========================================================================
Received Import Request.
  Time since last request: 0.000024 seconds.
  path: Assets/Resources/background/10.asset
  artifactKey: Guid(e21bce494ae14454aa083f12c40bdcd0) Importer(815301076,1909f56bfc062723c751e8b465ee728b)
Number of updated assets reloaded before import = 0
Start importing Assets/Resources/background/10.asset using Guid(e21bce494ae14454aa083f12c40bdcd0) Importer(815301076,1909f56bfc062723c751e8b465ee728b)  -> (artifact id: 'd07d0dcfc7e796fcb38ee86a5fbe11cc') in 0.028386 seconds 
Number of asset objects unloaded after import = 3
========================================================================
Received Import Request.
  Time since last request: 0.000023 seconds.
  path: Assets/Resources/background/background3.png
  artifactKey: Guid(9a94b508c382a5a4787f19052374f528) Importer(815301076,1909f56bfc062723c751e8b465ee728b)
Number of updated assets reloaded before import = 0
Start importing Assets/Resources/background/background3.png using Guid(9a94b508c382a5a4787f19052374f528) Importer(815301076,1909f56bfc062723c751e8b465ee728b)  -> (artifact id: 'adaab280bd7109c7b45d8c5948a82202') in 0.118378 seconds 
Number of asset objects unloaded after import = 3
========================================================================
Received Import Request.
  Time since last request: 0.000024 seconds.
  path: Assets/Resources/background/fireflame.asset
  artifactKey: Guid(95d29ac16913b614a82e22cd424e628a) Importer(815301076,1909f56bfc062723c751e8b465ee728b)
Number of updated assets reloaded before import = 0
Start importing Assets/Resources/background/fireflame.asset using Guid(95d29ac16913b614a82e22cd424e628a) Importer(815301076,1909f56bfc062723c751e8b465ee728b)  -> (artifact id: '36673a878d0a0b0b4123e273624ad0ef') in 0.020744 seconds 
Number of asset objects unloaded after import = 3
========================================================================
Received Import Request.
  Time since last request: 0.000046 seconds.
  path: Assets/Resources/background/bg_0004_shadow1.png
  artifactKey: Guid(a32187f8850130d4ea3e1d73cfa8066b) Importer(815301076,1909f56bfc062723c751e8b465ee728b)
Number of updated assets reloaded before import = 0
Start importing Assets/Resources/background/bg_0004_shadow1.png using Guid(a32187f8850130d4ea3e1d73cfa8066b) Importer(815301076,1909f56bfc062723c751e8b465ee728b)  -> (artifact id: '0095884bb2e820404b97f388ec7ea1ba') in 0.021469 seconds 
Number of asset objects unloaded after import = 3
========================================================================
Received Import Request.
  Time since last request: 0.000025 seconds.
  path: Assets/Resources/background/jiyu_0.asset
  artifactKey: Guid(264dc72762de2ee4cb7faa2a63822ed2) Importer(815301076,1909f56bfc062723c751e8b465ee728b)
Number of updated assets reloaded before import = 0
Start importing Assets/Resources/background/jiyu_0.asset using Guid(264dc72762de2ee4cb7faa2a63822ed2) Importer(815301076,1909f56bfc062723c751e8b465ee728b)  -> (artifact id: 'e45c919da08250c3b974157fb620b1ad') in 0.017375 seconds 
Number of asset objects unloaded after import = 3
========================================================================
Received Import Request.
  Time since last request: 0.000026 seconds.
  path: Assets/Resources/background/bg.png
  artifactKey: Guid(5b28953079752b84bb87646b72d358ce) Importer(815301076,1909f56bfc062723c751e8b465ee728b)
Number of updated assets reloaded before import = 0
Start importing Assets/Resources/background/bg.png using Guid(5b28953079752b84bb87646b72d358ce) Importer(815301076,1909f56bfc062723c751e8b465ee728b)  -> (artifact id: 'b0fc142bd0d6851c9bda1ab624319aef') in 0.017075 seconds 
Number of asset objects unloaded after import = 2
========================================================================
Received Import Request.
  Time since last request: 0.000025 seconds.
  path: Assets/Resources/background/night.png
  artifactKey: Guid(190db3af55aec9a4bb4b98af7ba5c0ee) Importer(815301076,1909f56bfc062723c751e8b465ee728b)
Number of updated assets reloaded before import = 0
Start importing Assets/Resources/background/night.png using Guid(190db3af55aec9a4bb4b98af7ba5c0ee) Importer(815301076,1909f56bfc062723c751e8b465ee728b)  -> (artifact id: 'cc53335627b23f5bc77dc32fedc9b141') in 0.020513 seconds 
Number of asset objects unloaded after import = 2
========================================================================
Received Import Request.
  Time since last request: 0.000025 seconds.
  path: Assets/Resources/background/9.asset
  artifactKey: Guid(d19112187ac75b34592b8b5aebb653f0) Importer(815301076,1909f56bfc062723c751e8b465ee728b)
Number of updated assets reloaded before import = 0
Start importing Assets/Resources/background/9.asset using Guid(d19112187ac75b34592b8b5aebb653f0) Importer(815301076,1909f56bfc062723c751e8b465ee728b)  -> (artifact id: 'be972a880baf36fdb812db38d78e2e31') in 0.024947 seconds 
Number of asset objects unloaded after import = 3
========================================================================
Received Import Request.
  Time since last request: 0.000030 seconds.
  path: Assets/Resources/background/bag.asset
  artifactKey: Guid(a30cfeb5f065c1141815c3f16d6401b8) Importer(815301076,1909f56bfc062723c751e8b465ee728b)
Number of updated assets reloaded before import = 0
Start importing Assets/Resources/background/bag.asset using Guid(a30cfeb5f065c1141815c3f16d6401b8) Importer(815301076,1909f56bfc062723c751e8b465ee728b)  -> (artifact id: 'ce124a1875431bb629cbe248193f744e') in 0.022698 seconds 
Number of asset objects unloaded after import = 3
========================================================================
Received Import Request.
  Time since last request: 0.000030 seconds.
  path: Assets/Resources/background/background3.asset
  artifactKey: Guid(02f8b781f24e02947950d27177e8b52d) Importer(815301076,1909f56bfc062723c751e8b465ee728b)
Number of updated assets reloaded before import = 0
Start importing Assets/Resources/background/background3.asset using Guid(02f8b781f24e02947950d27177e8b52d) Importer(815301076,1909f56bfc062723c751e8b465ee728b)  -> (artifact id: 'f671307e724456e95f41a01c27d4a277') in 0.134964 seconds 
Number of asset objects unloaded after import = 3
========================================================================
Received Import Request.
  Time since last request: 0.000025 seconds.
  path: Assets/Resources/background/5.asset
  artifactKey: Guid(9b2543f3f9035834f8a4fb78611ca83e) Importer(815301076,1909f56bfc062723c751e8b465ee728b)
Number of updated assets reloaded before import = 0
Start importing Assets/Resources/background/5.asset using Guid(9b2543f3f9035834f8a4fb78611ca83e) Importer(815301076,1909f56bfc062723c751e8b465ee728b)  -> (artifact id: 'f6014cd1af3d44bc0ec611f680e451b0') in 0.020314 seconds 
Number of asset objects unloaded after import = 3
========================================================================
Received Import Request.
  Time since last request: 0.000039 seconds.
  path: Assets/Resources/background/Night 1.prefab
  artifactKey: Guid(9dc2650fc1641944cb4d8cabb85440b9) Importer(815301076,1909f56bfc062723c751e8b465ee728b)
Number of updated assets reloaded before import = 0
Start importing Assets/Resources/background/Night 1.prefab using Guid(9dc2650fc1641944cb4d8cabb85440b9) Importer(815301076,1909f56bfc062723c751e8b465ee728b) NullReferenceException: Object reference not set to an instance of an object
  at UnityEngine.Rendering.Universal.UniversalRenderPipelineAsset.CreatePipeline () [0x00039] in <c71b5fc1156445c48e427f056be27e13>:0 
  at UnityEngine.Rendering.RenderPipelineAsset.InternalCreatePipeline () [0x00004] in <fa7a3c481a1145ec94aaee2ff55b440a>:0 
UnityEngine.DebugLogHandler:Internal_LogException(Exception, Object)
UnityEngine.DebugLogHandler:LogException(Exception, Object)
UnityEngine.Logger:LogException(Exception, Object)
UnityEngine.Debug:LogException(Exception)
UnityEngine.Rendering.RenderPipelineAsset:InternalCreatePipeline()
UnityEngine.Rendering.RenderPipelineManager:PrepareRenderPipeline(RenderPipelineAsset)
UnityEngine.Rendering.RenderPipelineManager:DoRenderLoop_Internal(RenderPipelineAsset, IntPtr, List`1, AtomicSafetyHandle)
UnityEngine.Camera:Render(Camera)
UnityEditor.PreviewRenderUtility:Render(Boolean, Boolean)
UnityEditor.GameObjectInspector:DoRenderPreview()
UnityEditor.GameObjectInspector:RenderStaticPreview(String, Object[], Int32, Int32)
UnityEditor.AssetPreviewUpdater:CreatePreview(Object, Object[], String, Int32, Int32)
UnityEditor.AssetPreviewUpdater:CreatePreviewForAsset(Object, Object[], String)

 -> (artifact id: '3cac52667f05fe66becb7d5572cf1a21') in 0.024326 seconds 
Number of asset objects unloaded after import = 34
========================================================================
Received Import Request.
  Time since last request: 0.000023 seconds.
  path: Assets/Resources/background/bg.asset
  artifactKey: Guid(232055a46faeffa418781ff4f94a34ae) Importer(815301076,1909f56bfc062723c751e8b465ee728b)
Number of updated assets reloaded before import = 0
Start importing Assets/Resources/background/bg.asset using Guid(232055a46faeffa418781ff4f94a34ae) Importer(815301076,1909f56bfc062723c751e8b465ee728b)  -> (artifact id: '5ab021f88a4d768936999a324ac3167d') in 0.140795 seconds 
Number of asset objects unloaded after import = 3
========================================================================
Received Import Request.
  Time since last request: 0.000024 seconds.
  path: Assets/Resources/background/bg Skeleton.asset
  artifactKey: Guid(44e9d2eba6b3e1f479f22e3c3c385fd9) Importer(815301076,1909f56bfc062723c751e8b465ee728b)
Number of updated assets reloaded before import = 0
Start importing Assets/Resources/background/bg Skeleton.asset using Guid(44e9d2eba6b3e1f479f22e3c3c385fd9) Importer(815301076,1909f56bfc062723c751e8b465ee728b)  -> (artifact id: 'd0339f9ae1817f06fb6142e94a786c73') in 0.012866 seconds 
Number of asset objects unloaded after import = 1
========================================================================
Received Import Request.
  Time since last request: 0.000022 seconds.
  path: Assets/Resources/background/bg_0.png
  artifactKey: Guid(7c8006fa1fa1bdd45b37e07617f46dac) Importer(815301076,1909f56bfc062723c751e8b465ee728b)
Number of updated assets reloaded before import = 0
Start importing Assets/Resources/background/bg_0.png using Guid(7c8006fa1fa1bdd45b37e07617f46dac) Importer(815301076,1909f56bfc062723c751e8b465ee728b)  -> (artifact id: '9c2482086a85d966c47d191cef2b9c9f') in 0.148125 seconds 
Number of asset objects unloaded after import = 3
========================================================================
Received Import Request.
  Time since last request: 0.000027 seconds.
  path: Assets/Resources/background/house_1.asset
  artifactKey: Guid(9c7694b62af58ee4faeb782c2b40e333) Importer(815301076,1909f56bfc062723c751e8b465ee728b)
Number of updated assets reloaded before import = 0
Start importing Assets/Resources/background/house_1.asset using Guid(9c7694b62af58ee4faeb782c2b40e333) Importer(815301076,1909f56bfc062723c751e8b465ee728b)  -> (artifact id: 'f763e2f1eee7fad6dd5f34c780c03eef') in 0.033905 seconds 
Number of asset objects unloaded after import = 3
========================================================================
Received Import Request.
  Time since last request: 0.000048 seconds.
  path: Assets/Resources/background/night2.asset
  artifactKey: Guid(a6b58de45e807f54aa9894d37b73197c) Importer(815301076,1909f56bfc062723c751e8b465ee728b)
Number of updated assets reloaded before import = 0
Start importing Assets/Resources/background/night2.asset using Guid(a6b58de45e807f54aa9894d37b73197c) Importer(815301076,1909f56bfc062723c751e8b465ee728b)  -> (artifact id: '4be2f3f6d139bf2ed72be7ec3542bdf1') in 0.139757 seconds 
Number of asset objects unloaded after import = 3
========================================================================
Received Import Request.
  Time since last request: 0.000023 seconds.
  path: Assets/Resources/background/background1.prefab
  artifactKey: Guid(66c9cea58a9d044428afde7254a9b3f3) Importer(815301076,1909f56bfc062723c751e8b465ee728b)
Number of updated assets reloaded before import = 0
Start importing Assets/Resources/background/background1.prefab using Guid(66c9cea58a9d044428afde7254a9b3f3) Importer(815301076,1909f56bfc062723c751e8b465ee728b) NullReferenceException: Object reference not set to an instance of an object
  at UnityEngine.Rendering.Universal.UniversalRenderPipelineAsset.CreatePipeline () [0x00039] in <c71b5fc1156445c48e427f056be27e13>:0 
  at UnityEngine.Rendering.RenderPipelineAsset.InternalCreatePipeline () [0x00004] in <fa7a3c481a1145ec94aaee2ff55b440a>:0 
UnityEngine.DebugLogHandler:Internal_LogException(Exception, Object)
UnityEngine.DebugLogHandler:LogException(Exception, Object)
UnityEngine.Logger:LogException(Exception, Object)
UnityEngine.Debug:LogException(Exception)
UnityEngine.Rendering.RenderPipelineAsset:InternalCreatePipeline()
UnityEngine.Rendering.RenderPipelineManager:PrepareRenderPipeline(RenderPipelineAsset)
UnityEngine.Rendering.RenderPipelineManager:DoRenderLoop_Internal(RenderPipelineAsset, IntPtr, List`1, AtomicSafetyHandle)
UnityEngine.Camera:Render(Camera)
UnityEditor.PreviewRenderUtility:Render(Boolean, Boolean)
UnityEditor.GameObjectInspector:DoRenderPreview()
UnityEditor.GameObjectInspector:RenderStaticPreview(String, Object[], Int32, Int32)
UnityEditor.AssetPreviewUpdater:CreatePreview(Object, Object[], String, Int32, Int32)
UnityEditor.AssetPreviewUpdater:CreatePreviewForAsset(Object, Object[], String)

 -> (artifact id: '4866a09fb99a0d9dbc8690f6bce0be4b') in 0.033099 seconds 
Number of asset objects unloaded after import = 293
========================================================================
Received Import Request.
  Time since last request: 0.000023 seconds.
  path: Assets/Resources/background/newpool.png
  artifactKey: Guid(0bb24560daae6a84e9101b642f865379) Importer(815301076,1909f56bfc062723c751e8b465ee728b)
Number of updated assets reloaded before import = 0
Start importing Assets/Resources/background/newpool.png using Guid(0bb24560daae6a84e9101b642f865379) Importer(815301076,1909f56bfc062723c751e8b465ee728b)  -> (artifact id: '60747403ff5b71de8cbdfdef2c54327b') in 0.019026 seconds 
Number of asset objects unloaded after import = 2
========================================================================
Received Import Request.
  Time since last request: 0.000029 seconds.
  path: Assets/Resources/background/night_0.png
  artifactKey: Guid(20456d2a7d3ba614dab40c76b33ee242) Importer(815301076,1909f56bfc062723c751e8b465ee728b)
Number of updated assets reloaded before import = 0
Start importing Assets/Resources/background/night_0.png using Guid(20456d2a7d3ba614dab40c76b33ee242) Importer(815301076,1909f56bfc062723c751e8b465ee728b)  -> (artifact id: '6075636cb9f8ec4c17ea558f69d18975') in 0.141055 seconds 
Number of asset objects unloaded after import = 3
========================================================================
Received Import Request.
  Time since last request: 0.000033 seconds.
  path: Assets/Resources/background/jiyu.asset
  artifactKey: Guid(1dceb241d9eab7c498661b1cfd319334) Importer(815301076,1909f56bfc062723c751e8b465ee728b)
Number of updated assets reloaded before import = 0
Start importing Assets/Resources/background/jiyu.asset using Guid(1dceb241d9eab7c498661b1cfd319334) Importer(815301076,1909f56bfc062723c751e8b465ee728b)  -> (artifact id: '1c3345abc5c505060f6a4d06c6e85bdf') in 0.022822 seconds 
Number of asset objects unloaded after import = 3
========================================================================
Received Import Request.
  Time since last request: 0.000037 seconds.
  path: Assets/Resources/background/night Skeleton.asset
  artifactKey: Guid(d9e1f2cc802981148b8a32327c7d8ae6) Importer(815301076,1909f56bfc062723c751e8b465ee728b)
Number of updated assets reloaded before import = 0
Start importing Assets/Resources/background/night Skeleton.asset using Guid(d9e1f2cc802981148b8a32327c7d8ae6) Importer(815301076,1909f56bfc062723c751e8b465ee728b)  -> (artifact id: 'a5fdf49a0381f58877b762197546c994') in 0.010512 seconds 
Number of asset objects unloaded after import = 1
========================================================================
Received Import Request.
  Time since last request: 0.000043 seconds.
  path: Assets/Resources/background/night.prefab
  artifactKey: Guid(6c6fed240444d6e44809e63ef41b500f) Importer(815301076,1909f56bfc062723c751e8b465ee728b)
Number of updated assets reloaded before import = 0
Start importing Assets/Resources/background/night.prefab using Guid(6c6fed240444d6e44809e63ef41b500f) Importer(815301076,1909f56bfc062723c751e8b465ee728b) NullReferenceException: Object reference not set to an instance of an object
  at UnityEngine.Rendering.Universal.UniversalRenderPipelineAsset.CreatePipeline () [0x00039] in <c71b5fc1156445c48e427f056be27e13>:0 
  at UnityEngine.Rendering.RenderPipelineAsset.InternalCreatePipeline () [0x00004] in <fa7a3c481a1145ec94aaee2ff55b440a>:0 
UnityEngine.DebugLogHandler:Internal_LogException(Exception, Object)
UnityEngine.DebugLogHandler:LogException(Exception, Object)
UnityEngine.Logger:LogException(Exception, Object)
UnityEngine.Debug:LogException(Exception)
UnityEngine.Rendering.RenderPipelineAsset:InternalCreatePipeline()
UnityEngine.Rendering.RenderPipelineManager:PrepareRenderPipeline(RenderPipelineAsset)
UnityEngine.Rendering.RenderPipelineManager:DoRenderLoop_Internal(RenderPipelineAsset, IntPtr, List`1, AtomicSafetyHandle)
UnityEngine.Camera:Render(Camera)
UnityEditor.PreviewRenderUtility:Render(Boolean, Boolean)
UnityEditor.GameObjectInspector:DoRenderPreview()
UnityEditor.GameObjectInspector:RenderStaticPreview(String, Object[], Int32, Int32)
UnityEditor.AssetPreviewUpdater:CreatePreview(Object, Object[], String, Int32, Int32)
UnityEditor.AssetPreviewUpdater:CreatePreviewForAsset(Object, Object[], String)

 -> (artifact id: 'f5563c43d950d8fc00c756ac16f057a1') in 0.025726 seconds 
Number of asset objects unloaded after import = 34
Editor requested this worker to shutdown with reason: Scaling down because of idle timeout
AssetImportWorker is now disconnected from the server
Process exiting
Exiting without the bug reporter. Application will terminate with return code 0